# JRE version: OpenJDK Runtime Environment JBR-11.0.14.1.1-1751.46-jcef (11.0.14.1+1) (build 11.0.14.1+1-b1751.46)
# Java VM: OpenJDK 64-Bit Server VM JBR-11.0.14.1.1-1751.46-jcef (11.0.14.1+1-b1751.46, mixed mode, tiered, compressed oops, g1 gc, windows-amd64)
Heap:
 garbage-first heap   total 315392K, used 27145K [0x0000000701400000, 0x0000000800000000)
  region size 1024K, 21 young (21504K), 12 survivors (12288K)
 Metaspace       used 49138K, capacity 50486K, committed 50688K, reserved 1093632K
  class space    used 5824K, capacity 6392K, committed 6400K, reserved 1048576K
GC Heap History (12 events):
Event: 0.682 GC heap before
{Heap before GC invocations=0 (full 0):
 garbage-first heap   total 262144K, used 14336K [0x0000000701400000, 0x0000000800000000)
  region size 1024K, 14 young (14336K), 0 survivors (0K)
 Metaspace       used 9598K, capacity 9808K, committed 9984K, reserved 1058816K
  class space    used 865K, capacity 910K, committed 1024K, reserved 1048576K
}
Event: 0.696 GC heap after
{Heap after GC invocations=1 (full 0):
 garbage-first heap   total 262144K, used 4738K [0x0000000701400000, 0x0000000800000000)
  region size 1024K, 2 young (2048K), 2 survivors (2048K)
 Metaspace       used 9598K, capacity 9808K, committed 9984K, reserved 1058816K
  class space    used 865K, capacity 910K, committed 1024K, reserved 1048576K
}
Event: 1.623 GC heap before
{Heap before GC invocations=1 (full 0):
 garbage-first heap   total 262144K, used 52866K [0x0000000701400000, 0x0000000800000000)
  region size 1024K, 51 young (52224K), 2 survivors (2048K)
 Metaspace       used 20714K, capacity 21191K, committed 21248K, reserved 1069056K
  class space    used 2315K, capacity 2503K, committed 2560K, reserved 1048576K
}
Event: 1.630 GC heap after
{Heap after GC invocations=2 (full 0):
 garbage-first heap   total 262144K, used 7217K [0x0000000701400000, 0x0000000800000000)
  region size 1024K, 5 young (5120K), 5 survivors (5120K)
 Metaspace       used 20714K, capacity 21191K, committed 21248K, reserved 1069056K
  class space    used 2315K, capacity 2503K, committed 2560K, reserved 1048576K
}
Event: 2.119 GC heap before
{Heap before GC invocations=3 (full 0):
 garbage-first heap   total 262144K, used 37937K [0x0000000701400000, 0x0000000800000000)
  region size 1024K, 36 young (36864K), 5 survivors (5120K)
 Metaspace       used 24836K, capacity 25474K, committed 25728K, reserved 1071104K
  class space    used 2853K, capacity 3079K, committed 3200K, reserved 1048576K
}
Event: 2.126 GC heap after
{Heap after GC invocations=4 (full 0):
 garbage-first heap   total 262144K, used 8890K [0x0000000701400000, 0x0000000800000000)
  region size 1024K, 5 young (5120K), 5 survivors (5120K)
 Metaspace       used 24836K, capacity 25474K, committed 25728K, reserved 1071104K
  class space    used 2853K, capacity 3079K, committed 3200K, reserved 1048576K
}
Event: 3.267 GC heap before
{Heap before GC invocations=4 (full 0):
 garbage-first heap   total 262144K, used 65210K [0x0000000701400000, 0x0000000800000000)
  region size 1024K, 61 young (62464K), 5 survivors (5120K)
 Metaspace       used 31701K, capacity 32484K, committed 32768K, reserved 1077248K
  class space    used 3675K, capacity 3984K, committed 4096K, reserved 1048576K
}
Event: 3.275 GC heap after
{Heap after GC invocations=5 (full 0):
 garbage-first heap   total 262144K, used 10781K [0x0000000701400000, 0x0000000800000000)
  region size 1024K, 6 young (6144K), 6 survivors (6144K)
 Metaspace       used 31701K, capacity 32484K, committed 32768K, reserved 1077248K
  class space    used 3675K, capacity 3984K, committed 4096K, reserved 1048576K
}
Event: 4.937 GC heap before
{Heap before GC invocations=5 (full 0):
 garbage-first heap   total 262144K, used 31261K [0x0000000701400000, 0x0000000800000000)
  region size 1024K, 27 young (27648K), 6 survivors (6144K)
 Metaspace       used 34891K, capacity 35781K, committed 35840K, reserved 1081344K
  class space    used 4107K, capacity 4463K, committed 4480K, reserved 1048576K
}
Event: 4.949 GC heap after
{Heap after GC invocations=6 (full 0):
 garbage-first heap   total 315392K, used 12591K [0x0000000701400000, 0x0000000800000000)
  region size 1024K, 8 young (8192K), 8 survivors (8192K)
 Metaspace       used 34891K, capacity 35781K, committed 35840K, reserved 1081344K
  class space    used 4107K, capacity 4463K, committed 4480K, reserved 1048576K
}
Event: 24.150 GC heap before
{Heap before GC invocations=7 (full 0):
 garbage-first heap   total 315392K, used 106799K [0x0000000701400000, 0x0000000800000000)
  region size 1024K, 100 young (102400K), 8 survivors (8192K)
 Metaspace       used 47814K, capacity 49153K, committed 49280K, reserved 1091584K
  class space    used 5683K, capacity 6225K, committed 6272K, reserved 1048576K
}
Event: 24.164 GC heap after
{Heap after GC invocations=8 (full 0):
 garbage-first heap   total 315392K, used 18953K [0x0000000701400000, 0x0000000800000000)
  region size 1024K, 12 young (12288K), 12 survivors (12288K)
 Metaspace       used 47814K, capacity 49153K, committed 49280K, reserved 1091584K
  class space    used 5683K, capacity 6225K, committed 6272K, reserved 1048576K
}

